<?xml version="1.0" encoding="UTF-8"?>
<!-- Generated by org.testng.reporters.JUnitXMLReporter -->
<testsuite hostname="DESKTOP-3G93UIS" ignored="0" name="Default test" tests="4" failures="0" timestamp="03 Feb 2023 08:20:59 GMT" time="5.41" errors="0">
  <testcase name="createOneProduct" time="3.198" classname="testCases.DeleteOneProductAdvanced"/>
  <testcase name="readAllProducts" time="1.435" classname="testCases.DeleteOneProductAdvanced"/>
  <testcase name="deleteOneProduct" time="0.343" classname="testCases.DeleteOneProductAdvanced"/>
  <testcase name="readOneDeletedProduct" time="0.402" classname="testCases.DeleteOneProductAdvanced"/>
</testsuite> <!-- Default test -->
